This is XeTeX, Version 3.1415926-2.4-0.9998 (TeX Live 2012/W32TeX) (format=xelatex 2012.8.18)  11 MAR 2013 10:12
entering extended mode
 restricted \write18 enabled.
 %&-line parsing enabled.
**R-data-ko.texi
(./R-data-ko.texi
LaTeX2e <2011/06/27>
Babel <v3.8m> and hyphenation patterns for english, dumylang, nohyphenation, ba
sque, danish, dutch, ukenglish, usenglishmax, finnish, french, german, ngerman,
 swissgerman, hungarian, italian, bokmal, nynorsk, polish, portuguese, spanish,
 swedish, loaded.
! I can't find file `texinfo'.
l.1 \input texinfo
                  
(Press Enter to retry, or Control-Z to exit)
Please type another input file name: 
! Emergency stop.
l.1 \input texinfo
                  
End of file on the terminal!

 
Here is how much of TeX's memory you used:
 6 strings out of 495253
 64 string characters out of 3178385
 45912 words of memory out of 3000000
 3286 multiletter control sequences out of 15000+200000
 3640 words of font info for 14 fonts, out of 3000000 for 9000
 314 hyphenation exceptions out of 8191
 5i,0n,3p,31b,8s stack positions out of 5000i,500n,10000p,200000b,50000s
No pages of output.
